[uWSGI] getting INI configuration from uwsgi.ini
*** Starting uWSGI 2.0.15-debian (64bit) on [Mon Dec 11 22:15:46 2017] ***
compiled with version: 6.4.0 20170724 on 26 July 2017 23:23:16
os: Linux-4.13.0-17-generic #20-Ubuntu SMP Mon Nov 6 10:04:08 UTC 2017
nodename: neuro-437
machine: x86_64
clock source: unix
pcre jit disabled
detected number of CPU cores: 4
current working directory: /home/neuro/work/fangrongjie/site/newsite
detected binary path: /usr/bin/uwsgi-core
dropping root privileges as early as possible
chdir() to /home/neuro/work/fangrongjie/site/newsite/
your processes number limit is 30952
your memory page size is 4096 bytes
detected max file descriptor number: 1024
lock engine: pthread robust mutexes
thunder lock: disabled (you can enable it with --thunder-lock)
uwsgi socket 0 bound to TCP address :8090 fd 3
dropping root privileges after socket binding
Python version: 2.7.14 (default, Sep 23 2017, 22:06:14)  [GCC 7.2.0]
Python main interpreter initialized at 0x555e2b112f10
dropping root privileges after plugin initialization
python threads support enabled
your server socket listen backlog is limited to 100 connections
your mercy for graceful operations on workers is 60 seconds
mapped 249216 bytes (243 KB) for 4 cores
*** Operational MODE: preforking+threaded ***
WSGI app 0 (mountpoint='') ready in 0 seconds on interpreter 0x555e2b112f10 pid: 30383 (default app)
dropping root privileges after application loading
*** uWSGI is running in multiple interpreter mode ***
spawned uWSGI master process (pid: 30383)
spawned uWSGI worker 1 (pid: 30385, cores: 2)
spawned uWSGI worker 2 (pid: 30386, cores: 2)
Gracefully killing worker 2 (pid: 30386)...
Gracefully killing worker 1 (pid: 30385)...
...gracefully killing workers...
worker 1 buried after 1 seconds
worker 2 buried after 1 seconds
binary reloading uWSGI...
chdir() to /home/neuro/work/fangrongjie/site/newsite
closing all non-uwsgi socket fds > 2 (max_fd = 1024)...
found fd 3 mapped to socket 0 (:8090)
running /usr/bin/uwsgi-core
[uWSGI] getting INI configuration from uwsgi.ini
*** Starting uWSGI 2.0.15-debian (64bit) on [Mon Dec 11 14:54:29 2017] ***
compiled with version: 6.4.0 20170724 on 26 July 2017 23:23:16
os: Linux-4.13.0-17-generic #20-Ubuntu SMP Mon Nov 6 10:04:08 UTC 2017
nodename: neuro-437
machine: x86_64
clock source: unix
pcre jit disabled
detected number of CPU cores: 4
current working directory: /home/neuro/work/fangrongjie/site/newsite
detected binary path: /usr/bin/uwsgi-core
dropping root privileges as early as possible
chdir() to /home/neuro/work/fangrongjie/site/newsite/
your processes number limit is 30952
your memory page size is 4096 bytes
detected max file descriptor number: 1024
lock engine: pthread robust mutexes
thunder lock: disabled (you can enable it with --thunder-lock)
uwsgi socket 0 inherited INET address :8090 fd 3
dropping root privileges after socket binding
Python version: 2.7.14 (default, Sep 23 2017, 22:06:14)  [GCC 7.2.0]
Python main interpreter initialized at 0x55b124e2dd90
dropping root privileges after plugin initialization
python threads support enabled
your server socket listen backlog is limited to 100 connections
your mercy for graceful operations on workers is 60 seconds
mapped 249216 bytes (243 KB) for 4 cores
*** Operational MODE: preforking+threaded ***
WSGI app 0 (mountpoint='') ready in 0 seconds on interpreter 0x55b124e2dd90 pid: 30383 (default app)
dropping root privileges after application loading
*** uWSGI is running in multiple interpreter mode ***
gracefully (RE)spawned uWSGI master process (pid: 30383)
spawned uWSGI worker 1 (pid: 30716, cores: 2)
spawned uWSGI worker 2 (pid: 30717, cores: 2)
